Mplus VERSION 8.3
MUTHEN & MUTHEN
03/15/2023   9:31 PM

INPUT INSTRUCTIONS

    Data:
      File is PerspectiveTakingData.csv;
    Variable:
      Names are
        ID study age
          male white task_1 task_2 task_3
          task_4 task_5 task_6 task_7 task_8;
      Missing ARE ALL (-55555);
      Usevariables are task_1 task_2 task_3 task_4
          task_5 task_6 task_7 task_8
          age male white study_1
          ;
      Constraint = age male white study_1;
      Categorical = task_1 task_2 task_3 task_4
          task_5 task_6 task_7;
    define:
      Study_1 = 0;
      If (study == 1) THEN Study_1 = 1;
      Study_2 = 0;
      If (study == 2) THEN Study_2 = 1;
      Study_3 = 0;
      If (study == 3) THEN Study_3 = 1;
    analysis:
    estimator = MLR;
    algorithm = integration;
    model:
    f by task_1* (l1)
         task_2* (l2)
         task_3* (l3)
         task_4* (l4)
         task_5* (l5)
         task_6* (l6)
         task_7* (l7)
         task_8* (l8);
         f@1;
    task_1 ON age study_1 male white ;
    model constraint:
    new (l_0 l_1 l_2 l_4 l_5);
    l1 = l_0 + l_1*age + l_2*study_1 +
          l_4*male + l_5*white;



INPUT READING TERMINATED NORMALLY




SUMMARY OF ANALYSIS

Number of groups                                                 1
Number of observations                                        1000

Number of dependent variables                                    8
Number of independent variables                                  4
Number of continuous latent variables                            1

Observed dependent variables

  Continuous
   TASK_8

  Binary and ordered categorical (ordinal)
   TASK_1      TASK_2      TASK_3      TASK_4      TASK_5      TASK_6
   TASK_7

Observed independent variables
   AGE         MALE        WHITE       STUDY_1

Continuous latent variables
   F


Estimator                                                      MLR
Information matrix                                        OBSERVED
Optimization Specifications for the Quasi-Newton Algorithm for
Continuous Outcomes
  Maximum number of iterations                                 100
  Convergence criterion                                  0.100D-05
Optimization Specifications for the EM Algorithm
  Maximum number of iterations                                 500
  Convergence criteria
    Loglikelihood change                                 0.100D-02
    Relative loglikelihood change                        0.100D-05
    Derivative                                           0.100D-02
Optimization Specifications for the M step of the EM Algorithm for
Categorical Latent variables
  Number of M step iterations                                    1
  M step convergence criterion                           0.100D-02
  Basis for M step termination                           ITERATION
Optimization Specifications for the M step of the EM Algorithm for
Censored, Binary or Ordered Categorical (Ordinal), Unordered
Categorical (Nominal) and Count Outcomes
  Number of M step iterations                                    1
  M step convergence criterion                           0.100D-02
  Basis for M step termination                           ITERATION
  Maximum value for logit thresholds                            15
  Minimum value for logit thresholds                           -15
  Minimum expected cell size for chi-square              0.100D-01
Maximum number of iterations for H1                           2000
Convergence criterion for H1                             0.100D-03
Optimization algorithm                                         EMA
Integration Specifications
  Type                                                    STANDARD
  Number of integration points                                  15
  Dimensions of numerical integration                            1
  Adaptive quadrature                                           ON
Link                                                         LOGIT
Cholesky                                                       OFF

Input data file(s)
  PerspectiveTakingData.csv
Input data format  FREE


SUMMARY OF DATA

     Number of missing data patterns             3
     Number of y missing data patterns           1
     Number of u missing data patterns           3


COVARIANCE COVERAGE OF DATA

Minimum covariance coverage value   0.100


     PROPORTION OF DATA PRESENT


           Covariance Coverage
              TASK_1        TASK_2        TASK_3        TASK_4        TASK_5
              ________      ________      ________      ________      ________
 TASK_1         0.500
 TASK_2         0.500         0.500
 TASK_3         0.500         0.500         1.000
 TASK_4         0.000         0.000         0.500         0.500
 TASK_5         0.500         0.500         1.000         0.500         1.000
 TASK_6         0.250         0.250         0.250         0.000         0.250
 TASK_7         0.500         0.500         1.000         0.500         1.000
 TASK_8         0.500         0.500         1.000         0.500         1.000
 AGE            0.500         0.500         1.000         0.500         1.000
 MALE           0.500         0.500         1.000         0.500         1.000
 WHITE          0.500         0.500         1.000         0.500         1.000
 STUDY_1        0.500         0.500         1.000         0.500         1.000


           Covariance Coverage
              TASK_6        TASK_7        TASK_8        AGE           MALE
              ________      ________      ________      ________      ________
 TASK_6         0.250
 TASK_7         0.250         1.000
 TASK_8         0.250         1.000         1.000
 AGE            0.250         1.000         1.000         1.000
 MALE           0.250         1.000         1.000         1.000         1.000
 WHITE          0.250         1.000         1.000         1.000         1.000
 STUDY_1        0.250         1.000         1.000         1.000         1.000


           Covariance Coverage
              WHITE         STUDY_1
              ________      ________
 WHITE          1.000
 STUDY_1        1.000         1.000


     PROPORTION OF DATA PRESENT FOR U


           Covariance Coverage
              TASK_1        TASK_2        TASK_3        TASK_4        TASK_5
              ________      ________      ________      ________      ________
 TASK_1         0.500
 TASK_2         0.500         0.500
 TASK_3         0.500         0.500         1.000
 TASK_4         0.000         0.000         0.500         0.500
 TASK_5         0.500         0.500         1.000         0.500         1.000
 TASK_6         0.250         0.250         0.250         0.000         0.250
 TASK_7         0.500         0.500         1.000         0.500         1.000


           Covariance Coverage
              TASK_6        TASK_7
              ________      ________
 TASK_6         0.250
 TASK_7         0.250         1.000


     PROPORTION OF DATA PRESENT FOR Y


           Covariance Coverage
              TASK_8        AGE           MALE          WHITE         STUDY_1
              ________      ________      ________      ________      ________
 TASK_8         1.000
 AGE            1.000         1.000
 MALE           1.000         1.000         1.000
 WHITE          1.000         1.000         1.000         1.000
 STUDY_1        1.000         1.000         1.000         1.000         1.000


UNIVARIATE PROPORTIONS AND COUNTS FOR CATEGORICAL VARIABLES

    TASK_1
      Category 1    0.146           73.000
      Category 2    0.854          427.000
    TASK_2
      Category 1    0.324          162.000
      Category 2    0.676          338.000
    TASK_3
      Category 1    0.114          114.000
      Category 2    0.886          886.000
    TASK_4
      Category 1    0.142           71.000
      Category 2    0.858          429.000
    TASK_5
      Category 1    0.245          245.000
      Category 2    0.755          755.000
    TASK_6
      Category 1    0.012            3.000
      Category 2    0.104           26.000
      Category 3    0.120           30.000
      Category 4    0.764          191.000
    TASK_7
      Category 1    0.223          223.000
      Category 2    0.281          281.000
      Category 3    0.496          496.000



UNIVARIATE SAMPLE STATISTICS


     UNIVARIATE HIGHER-ORDER MOMENT DESCRIPTIVE STATISTICS

         Variable/         Mean/     Skewness/   Minimum/ % with                Percentiles
        Sample Size      Variance    Kurtosis    Maximum  Min/Max      20%/60%    40%/80%    Median

     TASK_8                5.302       0.295       0.000    0.30%       4.000      5.000      5.000
            1000.000       3.593      -0.215      11.000    0.40%       6.000      7.000
     AGE                   5.741       0.385       2.000    5.40%       4.000      5.000      5.500
            1000.000       5.390      -0.860      10.000   11.80%       6.000      8.000
     MALE                  0.565      -0.262       0.000   43.50%       0.000      0.000      1.000
            1000.000       0.246      -1.931       1.000   56.50%       1.000      1.000
     WHITE                 0.503      -0.012       0.000   49.70%       0.000      0.000      1.000
            1000.000       0.250      -2.000       1.000   50.30%       1.000      1.000
     STUDY_1               0.250       1.155       0.000   75.00%       0.000      0.000      0.000
            1000.000       0.188      -0.667       1.000   25.00%       0.000      1.000


THE MODEL ESTIMATION TERMINATED NORMALLY

  ERROR OCCURRED IN THE BRANT WALD TEST FOR PROPORTIONAL ODDS FOR TASK_6.



MODEL FIT INFORMATION

Number of Free Parameters                       28

Loglikelihood

          H0 Value                       -4132.104
          H0 Scaling Correction Factor      0.9606
            for MLR

Information Criteria

          Akaike (AIC)                    8320.207
          Bayesian (BIC)                  8457.625
          Sample-Size Adjusted BIC        8368.695
            (n* = (n + 2) / 24)



MODEL RESULTS

                                                    Two-Tailed
                    Estimate       S.E.  Est./S.E.    P-Value

 F        BY
    TASK_1           999.000      0.000    999.000    999.000
    TASK_2             2.941      0.341      8.625      0.000
    TASK_3             3.019      0.315      9.577      0.000
    TASK_4             2.494      0.337      7.389      0.000
    TASK_5             3.425      0.348      9.848      0.000
    TASK_6             1.371      0.265      5.183      0.000
    TASK_7             1.466      0.116     12.628      0.000
    TASK_8             1.774      0.049     36.023      0.000

 TASK_1     ON
    AGE                0.710      0.363      1.958      0.050
    STUDY_1           -1.174      1.170     -1.003      0.316
    MALE              -1.395      1.061     -1.314      0.189
    WHITE             -0.814      1.026     -0.793      0.428

 Intercepts
    TASK_8             5.301      0.060     88.457      0.000

 Thresholds
    TASK_1$1          -3.753      2.018     -1.860      0.063
    TASK_2$1          -2.698      0.297     -9.075      0.000
    TASK_3$1          -4.157      0.348    -11.956      0.000
    TASK_4$1          -2.084      0.239     -8.705      0.000
    TASK_5$1          -2.762      0.270    -10.215      0.000
    TASK_6$1          -5.435      0.556     -9.771      0.000
    TASK_6$2          -2.923      0.306     -9.552      0.000
    TASK_6$3          -1.945      0.261     -7.443      0.000
    TASK_7$1          -1.729      0.110    -15.682      0.000
    TASK_7$2          -0.002      0.088     -0.026      0.980

 Variances
    F                  1.000      0.000    999.000    999.000

 Residual Variances
    TASK_8             0.447      0.082      5.477      0.000

New/Additional Parameters
    L_0                4.310      1.764      2.444      0.015
    L_1               -0.077      0.339     -0.226      0.821
    L_2               -0.741      0.972     -0.763      0.446
    L_4               -0.660      0.904     -0.730      0.465
    L_5               -0.412      0.944     -0.437      0.662


LOGISTIC REGRESSION ODDS RATIO RESULTS

                                         (Est. - 1) Two-Tailed
                    Estimate       S.E.     / S.E.    P-Value

 TASK_1     ON
    AGE                2.034      0.738      1.402      0.161
    STUDY_1            0.309      0.362     -1.909      0.056
    MALE               0.248      0.263     -2.859      0.004
    WHITE              0.443      0.455     -1.225      0.221


BRANT WALD TEST FOR PROPORTIONAL ODDS

                                   Degrees of
                      Chi-Square     Freedom   P-Value

  TASK_7
    Overall test           3.561         4      0.469
    AGE                    1.931         1      0.165
    MALE                   1.278         1      0.258
    WHITE                  0.012         1      0.912
    STUDY_1                0.996         1      0.318


QUALITY OF NUMERICAL RESULTS

     Condition Number for the Information Matrix              0.253E-04
       (ratio of smallest to largest eigenvalue)


     Beginning Time:  21:31:50
        Ending Time:  21:32:19
       Elapsed Time:  00:00:29



MUTHEN & MUTHEN
3463 Stoner Ave.
Los Angeles, CA  90066

Tel: (310) 391-9971
Fax: (310) 391-8971
Web: www.StatModel.com
Support: Support@StatModel.com

Copyright (c) 1998-2019 Muthen & Muthen
